<?xml version="1.0" encoding="UTF-8"?>
<!-- Generated by org.testng.reporters.JUnitXMLReporter -->
<testsuite hostname="suraj-Lenovo-ideapad-330S-15IKB" ignored="0" name="/home/suraj/IdeaProjects/cipherApiAutomation" tests="4" failures="0" timestamp="2022-01-14T22:51:01 IST" time="3.377" errors="0">
  <testcase name="registrationWithValidToken" time="1.769" classname="cipherApi.cipherRegistration.userRegistration"/>
  <testcase name="registrationWithInvalidToken" time="0.703" classname="cipherApi.cipherRegistration.userRegistration"/>
  <testcase name="loginWithValidToken" time="0.37" classname="cipherApi.cipherLogin.userLogin"/>
  <testcase name="loginWithInvalidToken" time="0.17" classname="cipherApi.cipherLogin.userLogin"/>
</testsuite> <!-- /home/suraj/IdeaProjects/cipherApiAutomation -->
