<?xml version="1.0" encoding="UTF-8"?>
<!-- Generated by org.testng.reporters.JUnitXMLReporter -->
<testsuite hostname="suraj-Lenovo-ideapad-330S-15IKB" ignored="0" name="/home/suraj/IdeaProjects/cipherApiAutomation" tests="41" failures="2" timestamp="2022-02-17T15:50:14 IST" time="11.975" errors="0">
  <testcase name="registrationWithValidToken" time="2.402" classname="cipherApi.userRegistration"/>
  <testcase name="registrationWithInvalidToken" time="0.303" classname="cipherApi.userRegistration">
    <skipped/>
  </testcase> <!-- registrationWithInvalidToken -->
  <testcase name="registrationWithInvalidToken" time="0.298" classname="cipherApi.userRegistration">
    <failure type="java.lang.AssertionError" message="1 expectation failed.
Expected status code &amp;lt;400&amp;gt; but was &amp;lt;200&amp;gt;.
">
      <![CDATA[java.lang.AssertionError: 1 expectation failed.
Expected status code <400> but was <200>.

at sun.reflect.NativeConstructorAccessorImpl.newInstance0(Native Method)
at sun.reflect.NativeConstructorAccessorImpl.newInstance(NativeConstructorAccessorImpl.java:62)
at sun.reflect.DelegatingConstructorAccessorImpl.newInstance(DelegatingConstructorAccessorImpl.java:45)
at java.lang.reflect.Constructor.newInstance(Constructor.java:423)
at org.codehaus.groovy.reflection.CachedConstructor.invoke(CachedConstructor.java:72)
at org.codehaus.groovy.reflection.CachedConstructor.doConstructorInvoke(CachedConstructor.java:59)
at org.codehaus.groovy.runtime.callsite.ConstructorSite$ConstructorSiteNoUnwrap.callConstructor(ConstructorSite.java:84)
at org.codehaus.groovy.runtime.callsite.AbstractCallSite.callConstructor(AbstractCallSite.java:277)
at io.restassured.internal.ResponseSpecificationImpl$HamcrestAssertionClosure.validate(ResponseSpecificationImpl.groovy:493)
at io.restassured.internal.ResponseSpecificationImpl$HamcrestAssertionClosure$validate$1.call(Unknown Source)
at io.restassured.internal.ResponseSpecificationImpl.validateResponseIfRequired(ResponseSpecificationImpl.groovy:674)
at sun.reflect.NativeMethodAccessorImpl.invoke0(Native Method)
at sun.reflect.NativeMethodAccessorImpl.invoke(NativeMethodAccessorImpl.java:62)
at sun.reflect.DelegatingMethodAccessorImpl.invoke(DelegatingMethodAccessorImpl.java:43)
at java.lang.reflect.Method.invoke(Method.java:498)
at org.codehaus.groovy.runtime.callsite.PlainObjectMetaMethodSite.doInvoke(PlainObjectMetaMethodSite.java:43)
at org.codehaus.groovy.runtime.callsite.PogoMetaMethodSite$PogoCachedMethodSiteNoUnwrapNoCoerce.invoke(PogoMetaMethodSite.java:193)
at org.codehaus.groovy.runtime.callsite.PogoMetaMethodSite.callCurrent(PogoMetaMethodSite.java:61)
at org.codehaus.groovy.runtime.callsite.AbstractCallSite.callCurrent(AbstractCallSite.java:185)
at io.restassured.internal.ResponseSpecificationImpl.statusCode(ResponseSpecificationImpl.groovy:126)
at io.restassured.specification.ResponseSpecification$statusCode$0.callCurrent(Unknown Source)
at io.restassured.internal.ResponseSpecificationImpl.statusCode(ResponseSpecificationImpl.groovy:134)
at io.restassured.internal.ValidatableResponseOptionsImpl.statusCode(ValidatableResponseOptionsImpl.java:89)
at io.restassured.internal.ValidatableResponseImpl.super$2$statusCode(ValidatableResponseImpl.groovy)
at sun.reflect.NativeMethodAccessorImpl.invoke0(Native Method)
at sun.reflect.NativeMethodAccessorImpl.invoke(NativeMethodAccessorImpl.java:62)
at sun.reflect.DelegatingMethodAccessorImpl.invoke(DelegatingMethodAccessorImpl.java:43)
at java.lang.reflect.Method.invoke(Method.java:498)
at org.codehaus.groovy.reflection.CachedMethod.invoke(CachedMethod.java:107)
at groovy.lang.MetaMethod.doMethodInvoke(MetaMethod.java:323)
at groovy.lang.MetaClassImpl.invokeMethod(MetaClassImpl.java:1268)
at org.codehaus.groovy.runtime.ScriptBytecodeAdapter.invokeMethodOnSuperN(ScriptBytecodeAdapter.java:144)
at io.restassured.internal.ValidatableResponseImpl.statusCode(ValidatableResponseImpl.groovy:142)
at io.restassured.internal.ValidatableResponseImpl.statusCode(ValidatableResponseImpl.groovy)
at cipherApi.userRegistration.registrationWithInvalidToken(userRegistration.java:81)
at sun.reflect.NativeMethodAccessorImpl.invoke0(Native Method)
at sun.reflect.NativeMethodAccessorImpl.invoke(NativeMethodAccessorImpl.java:62)
at sun.reflect.DelegatingMethodAccessorImpl.invoke(DelegatingMethodAccessorImpl.java:43)
at java.lang.reflect.Method.invoke(Method.java:498)
at org.testng.internal.MethodInvocationHelper.invokeMethod(MethodInvocationHelper.java:133)
at org.testng.internal.TestInvoker.invokeMethod(TestInvoker.java:598)
at org.testng.internal.TestInvoker.retryFailed(TestInvoker.java:213)
at org.testng.internal.MethodRunner.runInSequence(MethodRunner.java:58)
at org.testng.internal.TestInvoker$MethodInvocationAgent.invoke(TestInvoker.java:824)
at org.testng.internal.TestInvoker.invokeTestMethods(TestInvoker.java:146)
at org.testng.internal.TestMethodWorker.invokeTestMethods(TestMethodWorker.java:146)
at org.testng.internal.TestMethodWorker.run(TestMethodWorker.java:128)
at java.util.ArrayList.forEach(ArrayList.java:1259)
at org.testng.TestRunner.privateRun(TestRunner.java:794)
at org.testng.TestRunner.run(TestRunner.java:596)
at org.testng.SuiteRunner.runTest(SuiteRunner.java:377)
at org.testng.SuiteRunner.runSequentially(SuiteRunner.java:371)
at org.testng.SuiteRunner.privateRun(SuiteRunner.java:332)
at org.testng.SuiteRunner.run(SuiteRunner.java:276)
at org.testng.SuiteRunnerWorker.runSuite(SuiteRunnerWorker.java:53)
at org.testng.SuiteRunnerWorker.run(SuiteRunnerWorker.java:96)
at org.testng.TestNG.runSuitesSequentially(TestNG.java:1212)
at org.testng.TestNG.runSuitesLocally(TestNG.java:1134)
at org.testng.TestNG.runSuites(TestNG.java:1063)
at org.testng.TestNG.run(TestNG.java:1031)
at com.intellij.rt.testng.IDEARemoteTestNG.run(IDEARemoteTestNG.java:66)
at com.intellij.rt.testng.RemoteTestNGStarter.main(RemoteTestNGStarter.java:109)
]]>
    </failure>
  </testcase> <!-- registrationWithInvalidToken -->
  <testcase name="registrationWithMultipleDataSet" time="0.175" classname="cipherApi.userRegistration"/>
  <testcase name="registrationWithMultipleDataSet" time="0.164" classname="cipherApi.userRegistration"/>
  <testcase name="registrationWithMultipleDataSet" time="0.215" classname="cipherApi.userRegistration"/>
  <testcase name="registrationWithMultipleDataSet" time="0.163" classname="cipherApi.userRegistration"/>
  <testcase name="registrationWithMultipleDataSet" time="0.176" classname="cipherApi.userRegistration"/>
  <testcase name="registrationWithMultipleDataSet" time="0.141" classname="cipherApi.userRegistration"/>
  <testcase name="registrationWithMultipleDataSet" time="0.172" classname="cipherApi.userRegistration"/>
  <testcase name="registrationWithMultipleDataSet" time="0.153" classname="cipherApi.userRegistration"/>
  <testcase name="registrationWithMultipleDataSet" time="0.146" classname="cipherApi.userRegistration"/>
  <testcase name="registrationWithMultipleDataSet" time="0.184" classname="cipherApi.userRegistration"/>
  <testcase name="loginWithValidToken" time="1.186" classname="cipherApi.userLogin"/>
  <testcase name="loginWithInvalidToken" time="0.288" classname="cipherApi.userLogin"/>
  <testcase name="loginWithMultipleDataSet" time="0.166" classname="cipherApi.userLogin"/>
  <testcase name="loginWithMultipleDataSet" time="0.398" classname="cipherApi.userLogin"/>
  <testcase name="loginWithMultipleDataSet" time="0.192" classname="cipherApi.userLogin"/>
  <testcase name="loginWithMultipleDataSet" time="0.19" classname="cipherApi.userLogin"/>
  <testcase name="loginWithMultipleDataSet" time="0.194" classname="cipherApi.userLogin"/>
  <testcase name="loginWithMultipleDataSet" time="0.196" classname="cipherApi.userLogin"/>
  <testcase name="loginWithMultipleDataSet" time="0.181" classname="cipherApi.userLogin"/>
  <testcase name="loginWithMultipleDataSet" time="0.303" classname="cipherApi.userLogin"/>
  <testcase name="loginWithMultipleDataSet" time="0.198" classname="cipherApi.userLogin"/>
  <testcase name="loginWithMultipleDataSet" time="0.179" classname="cipherApi.userLogin"/>
  <testcase name="performActivityWithValidToken" time="0.219" classname="cipherApi.performActivity"/>
  <testcase name="performActivityWithMultipleDataSet" time="0.159" classname="cipherApi.performActivity"/>
  <testcase name="performActivityWithMultipleDataSet" time="0.194" classname="cipherApi.performActivity"/>
  <testcase name="performActivityWithMultipleDataSet" time="0.202" classname="cipherApi.performActivity"/>
  <testcase name="performActivityWithMultipleDataSet" time="0.202" classname="cipherApi.performActivity"/>
  <testcase name="performActivityWithMultipleDataSet" time="0.391" classname="cipherApi.performActivity"/>
  <testcase name="performActivityWithMultipleDataSet" time="0.164" classname="cipherApi.performActivity"/>
  <testcase name="performActivityWithMultipleDataSet" time="0.202" classname="cipherApi.performActivity"/>
  <testcase name="performActivityWithMultipleDataSet" time="0.192" classname="cipherApi.performActivity"/>
  <testcase name="performActivityWithMultipleDataSet" time="0.306" classname="cipherApi.performActivity">
    <skipped/>
  </testcase> <!-- performActivityWithMultipleDataSet -->
  <testcase name="performActivityWithMultipleDataSet" time="0.186" classname="cipherApi.performActivity">
    <failure type="java.lang.AssertionError" message="expected [true] but found [false]">
      <![CDATA[java.lang.AssertionError: expected [true] but found [false]
at org.testng.Assert.fail(Assert.java:99)
at org.testng.Assert.failNotEquals(Assert.java:1037)
at org.testng.Assert.assertEqualsImpl(Assert.java:140)
at org.testng.Assert.assertEquals(Assert.java:122)
at org.testng.Assert.assertEquals(Assert.java:819)
at org.testng.Assert.assertEquals(Assert.java:829)
at cipherApi.performActivity.performActivityWithMultipleDataSet(performActivity.java:109)
at sun.reflect.NativeMethodAccessorImpl.invoke0(Native Method)
at sun.reflect.NativeMethodAccessorImpl.invoke(NativeMethodAccessorImpl.java:62)
at sun.reflect.DelegatingMethodAccessorImpl.invoke(DelegatingMethodAccessorImpl.java:43)
at java.lang.reflect.Method.invoke(Method.java:498)
at org.testng.internal.MethodInvocationHelper.invokeMethod(MethodInvocationHelper.java:133)
at org.testng.internal.TestInvoker.invokeMethod(TestInvoker.java:598)
at org.testng.internal.TestInvoker.retryFailed(TestInvoker.java:213)
at org.testng.internal.MethodRunner.runInSequence(MethodRunner.java:58)
at org.testng.internal.TestInvoker$MethodInvocationAgent.invoke(TestInvoker.java:824)
at org.testng.internal.TestInvoker.invokeTestMethods(TestInvoker.java:146)
at org.testng.internal.TestMethodWorker.invokeTestMethods(TestMethodWorker.java:146)
at org.testng.internal.TestMethodWorker.run(TestMethodWorker.java:128)
at java.util.ArrayList.forEach(ArrayList.java:1259)
at org.testng.TestRunner.privateRun(TestRunner.java:794)
at org.testng.TestRunner.run(TestRunner.java:596)
at org.testng.SuiteRunner.runTest(SuiteRunner.java:377)
at org.testng.SuiteRunner.runSequentially(SuiteRunner.java:371)
at org.testng.SuiteRunner.privateRun(SuiteRunner.java:332)
at org.testng.SuiteRunner.run(SuiteRunner.java:276)
at org.testng.SuiteRunnerWorker.runSuite(SuiteRunnerWorker.java:53)
at org.testng.SuiteRunnerWorker.run(SuiteRunnerWorker.java:96)
at org.testng.TestNG.runSuitesSequentially(TestNG.java:1212)
at org.testng.TestNG.runSuitesLocally(TestNG.java:1134)
at org.testng.TestNG.runSuites(TestNG.java:1063)
at org.testng.TestNG.run(TestNG.java:1031)
at com.intellij.rt.testng.IDEARemoteTestNG.run(IDEARemoteTestNG.java:66)
at com.intellij.rt.testng.RemoteTestNGStarter.main(RemoteTestNGStarter.java:109)
]]>
    </failure>
  </testcase> <!-- performActivityWithMultipleDataSet -->
  <testcase name="performActivityWithMultipleDataSet" time="0.202" classname="cipherApi.performActivity"/>
  <testcase name="performActivityWithMultipleDataSet" time="0.205" classname="cipherApi.performActivity"/>
  <testcase name="updateAuthCriteriaWithMultipleDataSet" time="0.145" classname="cipherApi.updateAuthCriteria"/>
  <testcase name="updateAuthCriteriaWithMultipleDataSet" time="0.158" classname="cipherApi.updateAuthCriteria"/>
  <testcase name="updateAuthCriteriaWithMultipleDataSet" time="0.16" classname="cipherApi.updateAuthCriteria"/>
</testsuite> <!-- /home/suraj/IdeaProjects/cipherApiAutomation -->
