-------------------------------------------------------------------------------
Test set: TestSuite
-------------------------------------------------------------------------------
Tests run: 4, Failures: 4, Errors: 0, Skipped: 0, Time elapsed: 3.086 s <<< FAILURE! - in TestSuite
cipherApi.cipherRegistration.userRegistration.registrationWithValidToken  Time elapsed: 1.532 s  <<< FAILURE!
java.net.ConnectException: Connection refused (Connection refused)
	at cipherApi.cipherRegistration.userRegistration.registrationWithValidToken(userRegistration.java:35)

cipherApi.cipherRegistration.userRegistration.registrationWithInvalidToken  Time elapsed: 0.061 s  <<< FAILURE!
java.net.ConnectException: Connection refused (Connection refused)
	at cipherApi.cipherRegistration.userRegistration.registrationWithInvalidToken(userRegistration.java:60)

cipherApi.cipherLogin.userLogin.loginWithValidToken  Time elapsed: 0.15 s  <<< FAILURE!
java.net.ConnectException: Connection refused (Connection refused)
	at cipherApi.cipherLogin.userLogin.loginWithValidToken(userLogin.java:36)

cipherApi.cipherLogin.userLogin.loginWithInvalidToken  Time elapsed: 0.038 s  <<< FAILURE!
java.net.ConnectException: Connection refused (Connection refused)
	at cipherApi.cipherLogin.userLogin.loginWithInvalidToken(userLogin.java:65)

