<?xml version="1.0" encoding="UTF-8"?>
<testsuite xmlns:xsi="http://www.w3.org/2001/XMLSchema-instance" xsi:noNamespaceSchemaLocation="https://maven.apache.org/surefire/maven-surefire-plugin/xsd/surefire-test-report-3.0.xsd" version="3.0" name="TestSuite" time="3.086" tests="4" errors="0" skipped="0" failures="4">
  <properties>
[...]
</properties>
  <testcase name="registrationWithValidToken" classname="cipherApi.cipherRegistration.userRegistration" time="1.532">
    <failure message="Connection refused (Connection refused)" type="java.net.ConnectException"><![CDATA[java.net.ConnectException: Connection refused (Connection refused)
	at cipherApi.cipherRegistration.userRegistration.registrationWithValidToken(userRegistration.java:35)
]]></failure>
    <system-out><![CDATA[T21URmc3bfP1NP9/fwob734mGx604DvippfE06v6OCSWnYBAMc2CfCrqe1sSX2ShuCF5Jt8mJo0i7b9PuKw1ZVQI3qxHBhsL/zuYObclVkNljvMK3I/PFhX5gSZIK0Aa0sDkx0LYoPkiVfUFyUAy13K+H/S84VLY0tsrygKX0J98tp90l607xSPqbK10Jv4A3gTnm3J605LuPG/Gc9y0LqR0Y4mxfNWvIp5ON/6DZILGHv6SqmdrYma6PK6I+ls6ZAYewpEmN81wgw/Kp4Jm4oOBNskOWR6dy9A8YmHaX33wZqdNZnv3KGaiPfhFMceRgucmULsx+9kW0sKo8MpSrQ==
]]></system-out>
  </testcase>
  <testcase name="registrationWithInvalidToken" classname="cipherApi.cipherRegistration.userRegistration" time="0.061">
    <failure message="Connection refused (Connection refused)" type="java.net.ConnectException"><![CDATA[java.net.ConnectException: Connection refused (Connection refused)
	at cipherApi.cipherRegistration.userRegistration.registrationWithInvalidToken(userRegistration.java:60)
]]></failure>
    <system-out><![CDATA[Vqu/wqfHBXhSgRN4i3JVyX4mGx604DvippfE06v6OCSWnYBAMc2CfCrqe1sSX2ShuCF5Jt8mJo0i7b9PuKw1ZVQI3qxHBhsL/zuYObclVkNljvMK3I/PFhX5gSZIK0Aa0sDkx0LYoPkiVfUFyUAy13K+H/S84VLY0tsrygKX0J98tp90l607xSPqbK10Jv4A3gTnm3J605LuPG/Gc9y0LqR0Y4mxfNWvIp5ON/6DZILGHv6SqmdrYma6PK6I+ls6ZAYewpEmN81wgw/Kp4Jm4oOBNskOWR6dy9A8YmHaX33wZqdNZnv3KGaiPfhFMceRgucmULsx+9kW0sKo8MpSrQ==
]]></system-out>
  </testcase>
  <testcase name="loginWithValidToken" classname="cipherApi.cipherLogin.userLogin" time="0.15">
    <failure message="Connection refused (Connection refused)" type="java.net.ConnectException"><![CDATA[java.net.ConnectException: Connection refused (Connection refused)
	at cipherApi.cipherLogin.userLogin.loginWithValidToken(userLogin.java:36)
]]></failure>
    <system-out><![CDATA[T21URmc3bfP1NP9/fwob734mGx604DvippfE06v6OCSWnYBAMc2CfCrqe1sSX2ShuCF5Jt8mJo0i7b9PuKw1ZVQI3qxHBhsL/zuYObclVkNljvMK3I/PFhX5gSZIK0Aa0sDkx0LYoPkiVfUFyUAy13K+H/S84VLY0tsrygKX0J98tp90l607xSPqbK10Jv4A3gTnm3J605LuPG/Gc9y0LqR0Y4mxfNWvIp5ON/6DZILGHv6SqmdrYma6PK6I+ls6ZAYewpEmN81wgw/Kp4Jm4oOBNskOWR6dy9A8YmHaX33wZqdNZnv3KGaiPfhFMceRgucmULsx+9kW0sKo8MpSrQ==
]]></system-out>
    <system-err><![CDATA[Cleaning up unclosed ZipFile for archive /home/suraj/IdeaProjects/cipherApiAutomation/data/cipherTestData.xlsx
]]></system-err>
  </testcase>
  <testcase name="loginWithInvalidToken" classname="cipherApi.cipherLogin.userLogin" time="0.038">
    <failure message="Connection refused (Connection refused)" type="java.net.ConnectException"><![CDATA[java.net.ConnectException: Connection refused (Connection refused)
	at cipherApi.cipherLogin.userLogin.loginWithInvalidToken(userLogin.java:65)
]]></failure>
    <system-out><![CDATA[Vqu/wqfHBXhSgRN4i3JVyX4mGx604DvippfE06v6OCSWnYBAMc2CfCrqe1sSX2ShuCF5Jt8mJo0i7b9PuKw1ZVQI3qxHBhsL/zuYObclVkNljvMK3I/PFhX5gSZIK0Aa0sDkx0LYoPkiVfUFyUAy13K+H/S84VLY0tsrygKX0J98tp90l607xSPqbK10Jv4A3gTnm3J605LuPG/Gc9y0LqR0Y4mxfNWvIp5ON/6DZILGHv6SqmdrYma6PK6I+ls6ZAYewpEmN81wgw/Kp4Jm4oOBNskOWR6dy9A8YmHaX33wZqdNZnv3KGaiPfhFMceRgucmULsx+9kW0sKo8MpSrQ==
]]></system-out>
  </testcase>
</testsuite>