<?xml version="1.0" encoding="UTF-8"?>
<testng-results skipped="0" failed="0" ignored="0" total="4" passed="4">
  <reporter-output>
  </reporter-output>
  <suite name="All Test Suite" duration-ms="3377" started-at="2022-01-14T22:50:57 IST" finished-at="2022-01-14T22:51:01 IST">
    <groups>
    </groups>
    <test name="/home/suraj/IdeaProjects/cipherApiAutomation" duration-ms="3377" started-at="2022-01-14T22:50:57 IST" finished-at="2022-01-14T22:51:01 IST">
      <class name="cipherApi.cipherRegistration.userRegistration">
        <test-method status="PASS" signature="registrationData()[pri:0, instance:cipherApi.cipherRegistration.userRegistration@3cef309d]" name="registrationData" is-config="true" duration-ms="336" started-at="2022-01-14T22:50:57 IST" finished-at="2022-01-14T22:50:58 IST">
          <reporter-output>
          </reporter-output>
        </test-method> <!-- registrationData -->
        <test-method status="PASS" signature="registrationWithValidToken()[pri:0, instance:cipherApi.cipherRegistration.userRegistration@3cef309d]" name="registrationWithValidToken" duration-ms="1769" started-at="2022-01-14T22:50:58 IST" finished-at="2022-01-14T22:50:59 IST">
          <reporter-output>
          </reporter-output>
        </test-method> <!-- registrationWithValidToken -->
        <test-method status="PASS" signature="registrationWithInvalidToken()[pri:1, instance:cipherApi.cipherRegistration.userRegistration@3cef309d]" name="registrationWithInvalidToken" duration-ms="703" started-at="2022-01-14T22:50:59 IST" finished-at="2022-01-14T22:51:00 IST">
          <reporter-output>
          </reporter-output>
        </test-method> <!-- registrationWithInvalidToken -->
      </class> <!-- cipherApi.cipherRegistration.userRegistration -->
      <class name="cipherApi.cipherLogin.userLogin">
        <test-method status="PASS" signature="loginData()[pri:0, instance:cipherApi.cipherLogin.userLogin@6321e813]" name="loginData" is-config="true" duration-ms="0" started-at="2022-01-14T22:51:00 IST" finished-at="2022-01-14T22:51:00 IST">
          <reporter-output>
          </reporter-output>
        </test-method> <!-- loginData -->
        <test-method status="PASS" signature="loginWithValidToken()[pri:0, instance:cipherApi.cipherLogin.userLogin@6321e813]" name="loginWithValidToken" duration-ms="370" started-at="2022-01-14T22:51:00 IST" finished-at="2022-01-14T22:51:01 IST">
          <reporter-output>
          </reporter-output>
        </test-method> <!-- loginWithValidToken -->
        <test-method status="PASS" signature="loginWithInvalidToken()[pri:1, instance:cipherApi.cipherLogin.userLogin@6321e813]" name="loginWithInvalidToken" duration-ms="170" started-at="2022-01-14T22:51:01 IST" finished-at="2022-01-14T22:51:01 IST">
          <reporter-output>
          </reporter-output>
        </test-method> <!-- loginWithInvalidToken -->
      </class> <!-- cipherApi.cipherLogin.userLogin -->
    </test> <!-- /home/suraj/IdeaProjects/cipherApiAutomation -->
  </suite> <!-- All Test Suite -->
</testng-results>
