<?xml version="1.0" encoding="UTF-8"?>
<testng-results skipped="0" failed="1" ignored="1" total="5" passed="3">
  <reporter-output>
  </reporter-output>
  <suite name="All Test Suite" duration-ms="6104" started-at="2022-01-21T09:59:15 IST" finished-at="2022-01-21T09:59:22 IST">
    <groups>
    </groups>
    <test name="/home/suraj/IdeaProjects/cipherApiAutomation" duration-ms="6104" started-at="2022-01-21T09:59:15 IST" finished-at="2022-01-21T09:59:22 IST">
      <class name="cipherApi.cipherRegistration.userRegistration">
        <test-method status="PASS" signature="registrationData()[pri:0, instance:cipherApi.cipherRegistration.userRegistration@1c3a4799]" name="registrationData" is-config="true" duration-ms="0" started-at="2022-01-21T09:59:21 IST" finished-at="2022-01-21T09:59:21 IST">
          <reporter-output>
          </reporter-output>
        </test-method> <!-- registrationData -->
        <test-method status="PASS" signature="registrationWithValidToken()[pri:0, instance:cipherApi.cipherRegistration.userRegistration@1c3a4799]" name="registrationWithValidToken" duration-ms="285" started-at="2022-01-21T09:59:21 IST" finished-at="2022-01-21T09:59:21 IST">
          <reporter-output>
          </reporter-output>
        </test-method> <!-- registrationWithValidToken -->
        <test-method status="FAIL" signature="registrationWithInvalidToken()[pri:1, instance:cipherApi.cipherRegistration.userRegistration@1c3a4799]" name="registrationWithInvalidToken" duration-ms="301" started-at="2022-01-21T09:59:21 IST" finished-at="2022-01-21T09:59:22 IST">
          <exception class="java.lang.AssertionError">
            <message>
              <![CDATA[1 expectation failed.
Expected status code <404> but was <400>.
]]>
            </message>
            <full-stacktrace>
              <![CDATA[java.lang.AssertionError: 1 expectation failed.
Expected status code <404> but was <400>.

at sun.reflect.NativeConstructorAccessorImpl.newInstance0(Native Method)
at sun.reflect.NativeConstructorAccessorImpl.newInstance(NativeConstructorAccessorImpl.java:62)
at sun.reflect.DelegatingConstructorAccessorImpl.newInstance(DelegatingConstructorAccessorImpl.java:45)
at java.lang.reflect.Constructor.newInstance(Constructor.java:423)
at org.codehaus.groovy.reflection.CachedConstructor.invoke(CachedConstructor.java:72)
at org.codehaus.groovy.reflection.CachedConstructor.doConstructorInvoke(CachedConstructor.java:59)
at org.codehaus.groovy.runtime.callsite.ConstructorSite$ConstructorSiteNoUnwrap.callConstructor(ConstructorSite.java:84)
at org.codehaus.groovy.runtime.callsite.CallSiteArray.defaultCallConstructor(CallSiteArray.java:59)
at org.codehaus.groovy.runtime.callsite.AbstractCallSite.callConstructor(AbstractCallSite.java:263)
at org.codehaus.groovy.runtime.callsite.AbstractCallSite.callConstructor(AbstractCallSite.java:277)
at io.restassured.internal.ResponseSpecificationImpl$HamcrestAssertionClosure.validate(ResponseSpecificationImpl.groovy:493)
at io.restassured.internal.ResponseSpecificationImpl$HamcrestAssertionClosure$validate$1.call(Unknown Source)
at io.restassured.internal.ResponseSpecificationImpl.validateResponseIfRequired(ResponseSpecificationImpl.groovy:674)
at sun.reflect.NativeMethodAccessorImpl.invoke0(Native Method)
at sun.reflect.NativeMethodAccessorImpl.invoke(NativeMethodAccessorImpl.java:62)
at sun.reflect.DelegatingMethodAccessorImpl.invoke(DelegatingMethodAccessorImpl.java:43)
at java.lang.reflect.Method.invoke(Method.java:498)
at org.codehaus.groovy.runtime.callsite.PlainObjectMetaMethodSite.doInvoke(PlainObjectMetaMethodSite.java:43)
at org.codehaus.groovy.runtime.callsite.PogoMetaMethodSite$PogoCachedMethodSiteNoUnwrapNoCoerce.invoke(PogoMetaMethodSite.java:193)
at org.codehaus.groovy.runtime.callsite.PogoMetaMethodSite.callCurrent(PogoMetaMethodSite.java:61)
at org.codehaus.groovy.runtime.callsite.AbstractCallSite.callCurrent(AbstractCallSite.java:185)
at io.restassured.internal.ResponseSpecificationImpl.statusCode(ResponseSpecificationImpl.groovy:126)
at io.restassured.specification.ResponseSpecification$statusCode$0.callCurrent(Unknown Source)
at io.restassured.internal.ResponseSpecificationImpl.statusCode(ResponseSpecificationImpl.groovy:134)
at io.restassured.internal.ValidatableResponseOptionsImpl.statusCode(ValidatableResponseOptionsImpl.java:89)
at io.restassured.internal.ValidatableResponseImpl.super$2$statusCode(ValidatableResponseImpl.groovy)
at sun.reflect.NativeMethodAccessorImpl.invoke0(Native Method)
at sun.reflect.NativeMethodAccessorImpl.invoke(NativeMethodAccessorImpl.java:62)
at sun.reflect.DelegatingMethodAccessorImpl.invoke(DelegatingMethodAccessorImpl.java:43)
at java.lang.reflect.Method.invoke(Method.java:498)
at org.codehaus.groovy.reflection.CachedMethod.invoke(CachedMethod.java:107)
at groovy.lang.MetaMethod.doMethodInvoke(MetaMethod.java:323)
at groovy.lang.MetaClassImpl.invokeMethod(MetaClassImpl.java:1268)
at org.codehaus.groovy.runtime.ScriptBytecodeAdapter.invokeMethodOnSuperN(ScriptBytecodeAdapter.java:144)
at io.restassured.internal.ValidatableResponseImpl.statusCode(ValidatableResponseImpl.groovy:142)
at io.restassured.internal.ValidatableResponseImpl.statusCode(ValidatableResponseImpl.groovy)
at cipherApi.cipherRegistration.userRegistration.registrationWithInvalidToken(userRegistration.java:70)
at sun.reflect.NativeMethodAccessorImpl.invoke0(Native Method)
at sun.reflect.NativeMethodAccessorImpl.invoke(NativeMethodAccessorImpl.java:62)
at sun.reflect.DelegatingMethodAccessorImpl.invoke(DelegatingMethodAccessorImpl.java:43)
at java.lang.reflect.Method.invoke(Method.java:498)
at org.testng.internal.MethodInvocationHelper.invokeMethod(MethodInvocationHelper.java:133)
at org.testng.internal.TestInvoker.invokeMethod(TestInvoker.java:598)
at org.testng.internal.TestInvoker.invokeTestMethod(TestInvoker.java:173)
at org.testng.internal.MethodRunner.runInSequence(MethodRunner.java:46)
at org.testng.internal.TestInvoker$MethodInvocationAgent.invoke(TestInvoker.java:824)
at org.testng.internal.TestInvoker.invokeTestMethods(TestInvoker.java:146)
at org.testng.internal.TestMethodWorker.invokeTestMethods(TestMethodWorker.java:146)
at org.testng.internal.TestMethodWorker.run(TestMethodWorker.java:128)
at java.util.ArrayList.forEach(ArrayList.java:1259)
at org.testng.TestRunner.privateRun(TestRunner.java:794)
at org.testng.TestRunner.run(TestRunner.java:596)
at org.testng.SuiteRunner.runTest(SuiteRunner.java:377)
at org.testng.SuiteRunner.runSequentially(SuiteRunner.java:371)
at org.testng.SuiteRunner.privateRun(SuiteRunner.java:332)
at org.testng.SuiteRunner.run(SuiteRunner.java:276)
at org.testng.SuiteRunnerWorker.runSuite(SuiteRunnerWorker.java:53)
at org.testng.SuiteRunnerWorker.run(SuiteRunnerWorker.java:96)
at org.testng.TestNG.runSuitesSequentially(TestNG.java:1212)
at org.testng.TestNG.runSuitesLocally(TestNG.java:1134)
at org.testng.TestNG.runSuites(TestNG.java:1063)
at org.testng.TestNG.run(TestNG.java:1031)
at com.intellij.rt.testng.IDEARemoteTestNG.run(IDEARemoteTestNG.java:66)
at com.intellij.rt.testng.RemoteTestNGStarter.main(RemoteTestNGStarter.java:109)
]]>
            </full-stacktrace>
          </exception> <!-- java.lang.AssertionError -->
          <reporter-output>
          </reporter-output>
        </test-method> <!-- registrationWithInvalidToken -->
      </class> <!-- cipherApi.cipherRegistration.userRegistration -->
      <class name="cipherApi.cipherLogin.userLogin">
        <test-method status="PASS" signature="loginData()[pri:0, instance:cipherApi.cipherLogin.userLogin@2a17b7b6]" name="loginData" is-config="true" duration-ms="669" started-at="2022-01-21T09:59:15 IST" finished-at="2022-01-21T09:59:16 IST">
          <reporter-output>
          </reporter-output>
        </test-method> <!-- loginData -->
        <test-method status="PASS" signature="loginWithValidToken()[pri:0, instance:cipherApi.cipherLogin.userLogin@2a17b7b6]" name="loginWithValidToken" duration-ms="4461" started-at="2022-01-21T09:59:16 IST" finished-at="2022-01-21T09:59:21 IST">
          <reporter-output>
          </reporter-output>
        </test-method> <!-- loginWithValidToken -->
        <test-method status="PASS" signature="loginWithInvalidToken()[pri:1, instance:cipherApi.cipherLogin.userLogin@2a17b7b6]" name="loginWithInvalidToken" duration-ms="327" started-at="2022-01-21T09:59:21 IST" finished-at="2022-01-21T09:59:21 IST">
          <reporter-output>
          </reporter-output>
        </test-method> <!-- loginWithInvalidToken -->
      </class> <!-- cipherApi.cipherLogin.userLogin -->
    </test> <!-- /home/suraj/IdeaProjects/cipherApiAutomation -->
  </suite> <!-- All Test Suite -->
</testng-results>
