<?xml version="1.0" encoding="UTF-8"?>
<!-- Generated by org.testng.reporters.JUnitXMLReporter -->
<testsuite hostname="suraj-Lenovo-ideapad-330S-15IKB" ignored="0" name="/home/suraj/IdeaProjects/cipherApiAutomation" tests="5" failures="0" timestamp="2021-12-13T22:43:18 IST" time="6.03" errors="0">
  <testcase name="testSingeContent" time="2.676" classname="restAssuredTest.basicValidationXml"/>
  <testcase name="testMultipContent" time="0.892" classname="restAssuredTest.basicValidationXml"/>
  <testcase name="testMultipContentInOneGo" time="0.787" classname="restAssuredTest.basicValidationXml"/>
  <testcase name="testFindingValuesUsingXmlPath" time="0.855" classname="restAssuredTest.basicValidationXml"/>
  <testcase name="testFindingValuesUsingXmlPath2" time="0.78" classname="restAssuredTest.basicValidationXml"/>
</testsuite> <!-- /home/suraj/IdeaProjects/cipherApiAutomation -->
